mode: set
github.com/zarvd/mtls-demo/internal/securetransport/internal/mtls/fake/grpc.fake.go:23.97,25.2 1 0
github.com/zarvd/mtls-demo/internal/securetransport/internal/mtls/fake/grpc.fake.go:27.47,36.20 1 0
github.com/zarvd/mtls-demo/internal/securetransport/internal/mtls/fake/grpc.fake.go:36.20,38.37 2 0
github.com/zarvd/mtls-demo/internal/securetransport/internal/mtls/fake/grpc.fake.go:38.37,40.7 1 0
github.com/zarvd/mtls-demo/internal/securetransport/internal/mtls/fake/grpc.fake.go:41.6,41.45 1 0
github.com/zarvd/mtls-demo/internal/securetransport/internal/mtls/fake/grpc.fake.go:48.85,53.2 4 0
github.com/zarvd/mtls-demo/internal/securetransport/internal/mtls/grpc_credentials.go:28.36,30.2 1 1
github.com/zarvd/mtls-demo/internal/securetransport/internal/mtls/grpc_credentials.go:36.43,38.2 1 1
github.com/zarvd/mtls-demo/internal/securetransport/internal/mtls/grpc_credentials.go:42.43,44.2 1 0
github.com/zarvd/mtls-demo/internal/securetransport/internal/mtls/grpc_credentials.go:46.65,48.2 1 1
github.com/zarvd/mtls-demo/internal/securetransport/internal/mtls/grpc_credentials.go:50.74,52.2 1 0
github.com/zarvd/mtls-demo/internal/securetransport/internal/mtls/grpc_credentials.go:54.85,56.2 1 0
github.com/zarvd/mtls-demo/internal/securetransport/internal/mtls/grpc_credentials.go:60.85,63.61 2 1
github.com/zarvd/mtls-demo/internal/securetransport/internal/mtls/grpc_credentials.go:63.61,65.3 1 1
github.com/zarvd/mtls-demo/internal/securetransport/internal/mtls/grpc_credentials.go:68.2,73.61 4 1
github.com/zarvd/mtls-demo/internal/securetransport/internal/mtls/grpc_credentials.go:73.61,75.3 1 0
github.com/zarvd/mtls-demo/internal/securetransport/internal/mtls/grpc_credentials.go:78.2,89.13 5 1
github.com/zarvd/mtls-demo/internal/securetransport/internal/mtls/http_transport.go:16.21,20.2 1 1
github.com/zarvd/mtls-demo/internal/securetransport/internal/mtls/http_transport.go:22.84,32.2 4 1
github.com/zarvd/mtls-demo/internal/securetransport/internal/mtls/keypair.go:25.52,27.2 1 1
github.com/zarvd/mtls-demo/internal/securetransport/internal/mtls/keypair.go:38.58,42.2 1 1
github.com/zarvd/mtls-demo/internal/securetransport/internal/mtls/keypair.go:44.54,46.43 2 1
github.com/zarvd/mtls-demo/internal/securetransport/internal/mtls/keypair.go:46.43,48.3 1 1
github.com/zarvd/mtls-demo/internal/securetransport/internal/mtls/keypair.go:50.2,51.16 2 1
github.com/zarvd/mtls-demo/internal/securetransport/internal/mtls/keypair.go:51.16,53.3 1 1
github.com/zarvd/mtls-demo/internal/securetransport/internal/mtls/keypair.go:55.2,59.8 1 1
github.com/zarvd/mtls-demo/internal/securetransport/internal/mtls/local_client.go:14.122,15.29 1 1
github.com/zarvd/mtls-demo/internal/securetransport/internal/mtls/local_client.go:15.29,17.3 1 1
github.com/zarvd/mtls-demo/internal/securetransport/internal/mtls/local_client.go:18.2,19.16 2 1
github.com/zarvd/mtls-demo/internal/securetransport/internal/mtls/local_client.go:19.16,21.3 1 1
github.com/zarvd/mtls-demo/internal/securetransport/internal/mtls/local_client.go:22.2,22.61 1 1
github.com/zarvd/mtls-demo/internal/securetransport/internal/mtls/local_client.go:25.79,27.2 1 1
github.com/zarvd/mtls-demo/internal/securetransport/internal/mtls/local_client.go:29.79,31.2 1 1
github.com/zarvd/mtls-demo/internal/securetransport/internal/mtls/local_client.go:33.93,35.2 1 1
github.com/zarvd/mtls-demo/internal/securetransport/internal/mtls/local_loader.go:21.63,22.69 1 1
github.com/zarvd/mtls-demo/internal/securetransport/internal/mtls/local_loader.go:22.69,24.3 1 1
github.com/zarvd/mtls-demo/internal/securetransport/internal/mtls/local_loader.go:25.2,25.72 1 1
github.com/zarvd/mtls-demo/internal/securetransport/internal/mtls/local_loader.go:25.72,27.3 1 0
github.com/zarvd/mtls-demo/internal/securetransport/internal/mtls/local_loader.go:28.2,28.64 1 1
github.com/zarvd/mtls-demo/internal/securetransport/internal/mtls/local_loader.go:28.64,30.3 1 0
github.com/zarvd/mtls-demo/internal/securetransport/internal/mtls/local_loader.go:31.2,31.30 1 1
github.com/zarvd/mtls-demo/internal/securetransport/internal/mtls/local_loader.go:31.30,33.3 1 0
github.com/zarvd/mtls-demo/internal/securetransport/internal/mtls/local_loader.go:34.2,34.26 1 1
github.com/zarvd/mtls-demo/internal/securetransport/internal/mtls/local_loader.go:34.26,36.3 1 0
github.com/zarvd/mtls-demo/internal/securetransport/internal/mtls/local_loader.go:37.2,37.12 1 1
github.com/zarvd/mtls-demo/internal/securetransport/internal/mtls/local_loader.go:46.110,47.43 1 1
github.com/zarvd/mtls-demo/internal/securetransport/internal/mtls/local_loader.go:47.43,49.3 1 1
github.com/zarvd/mtls-demo/internal/securetransport/internal/mtls/local_loader.go:51.2,52.45 2 1
github.com/zarvd/mtls-demo/internal/securetransport/internal/mtls/local_loader.go:52.45,54.3 1 1
github.com/zarvd/mtls-demo/internal/securetransport/internal/mtls/local_loader.go:55.2,55.20 1 1
github.com/zarvd/mtls-demo/internal/securetransport/internal/mtls/local_loader.go:58.73,62.6 3 1
github.com/zarvd/mtls-demo/internal/securetransport/internal/mtls/local_loader.go:62.6,63.10 1 1
github.com/zarvd/mtls-demo/internal/securetransport/internal/mtls/local_loader.go:64.21,65.14 1 1
github.com/zarvd/mtls-demo/internal/securetransport/internal/mtls/local_loader.go:66.19,67.42 1 1
github.com/zarvd/mtls-demo/internal/securetransport/internal/mtls/local_loader.go:67.43,69.5 0 0
github.com/zarvd/mtls-demo/internal/securetransport/internal/mtls/local_loader.go:74.58,76.2 1 1
github.com/zarvd/mtls-demo/internal/securetransport/internal/mtls/local_loader.go:78.56,80.16 2 1
github.com/zarvd/mtls-demo/internal/securetransport/internal/mtls/local_loader.go:80.16,82.3 1 0
github.com/zarvd/mtls-demo/internal/securetransport/internal/mtls/local_loader.go:83.2,83.68 1 1
github.com/zarvd/mtls-demo/internal/securetransport/internal/mtls/local_loader.go:83.68,86.3 1 1
github.com/zarvd/mtls-demo/internal/securetransport/internal/mtls/local_loader.go:88.2,89.16 2 1
github.com/zarvd/mtls-demo/internal/securetransport/internal/mtls/local_loader.go:89.16,91.3 1 0
github.com/zarvd/mtls-demo/internal/securetransport/internal/mtls/local_loader.go:93.2,93.52 1 1
github.com/zarvd/mtls-demo/internal/securetransport/internal/mtls/local_loader.go:93.52,95.3 1 1
github.com/zarvd/mtls-demo/internal/securetransport/internal/mtls/local_loader.go:97.2,99.12 2 1
github.com/zarvd/mtls-demo/internal/securetransport/internal/mtls/local_loader.go:102.77,104.16 2 1
github.com/zarvd/mtls-demo/internal/securetransport/internal/mtls/local_loader.go:104.16,106.3 1 0
github.com/zarvd/mtls-demo/internal/securetransport/internal/mtls/local_loader.go:107.2,108.16 2 1
github.com/zarvd/mtls-demo/internal/securetransport/internal/mtls/local_loader.go:108.16,110.3 1 0
github.com/zarvd/mtls-demo/internal/securetransport/internal/mtls/local_loader.go:111.2,112.16 2 1
github.com/zarvd/mtls-demo/internal/securetransport/internal/mtls/local_loader.go:112.16,114.3 1 0
github.com/zarvd/mtls-demo/internal/securetransport/internal/mtls/local_loader.go:115.2,119.8 1 1
github.com/zarvd/mtls-demo/internal/securetransport/internal/mtls/local_server.go:12.122,13.29 1 1
github.com/zarvd/mtls-demo/internal/securetransport/internal/mtls/local_server.go:13.29,15.3 1 1
github.com/zarvd/mtls-demo/internal/securetransport/internal/mtls/local_server.go:16.2,17.16 2 1
github.com/zarvd/mtls-demo/internal/securetransport/internal/mtls/local_server.go:17.16,19.3 1 1
github.com/zarvd/mtls-demo/internal/securetransport/internal/mtls/local_server.go:20.2,20.61 1 1
github.com/zarvd/mtls-demo/internal/securetransport/internal/mtls/local_server.go:23.79,25.2 1 1
github.com/zarvd/mtls-demo/internal/securetransport/internal/mtls/local_server.go:27.72,29.2 1 1
github.com/zarvd/mtls-demo/internal/securetransport/internal/mtls/tlsconfig.go:7.86,8.77 1 1
github.com/zarvd/mtls-demo/internal/securetransport/internal/mtls/tlsconfig.go:8.77,13.78 2 1
github.com/zarvd/mtls-demo/internal/securetransport/internal/mtls/tlsconfig.go:13.78,15.5 1 1
github.com/zarvd/mtls-demo/internal/securetransport/internal/mtls/tlsconfig.go:19.2,21.3 1 1
github.com/zarvd/mtls-demo/internal/securetransport/internal/mtls/validation.go:12.49,13.32 1 1
github.com/zarvd/mtls-demo/internal/securetransport/internal/mtls/validation.go:13.32,15.3 1 1
github.com/zarvd/mtls-demo/internal/securetransport/internal/mtls/validation.go:16.2,16.24 1 1
github.com/zarvd/mtls-demo/internal/securetransport/internal/mtls/validation.go:16.24,18.3 1 1
github.com/zarvd/mtls-demo/internal/securetransport/internal/mtls/validation.go:21.2,22.51 2 1
github.com/zarvd/mtls-demo/internal/securetransport/internal/mtls/validation.go:22.51,24.3 1 1
github.com/zarvd/mtls-demo/internal/securetransport/internal/mtls/validation.go:25.2,25.91 1 1
github.com/zarvd/mtls-demo/internal/securetransport/internal/mtls/validation.go:25.91,31.3 1 1
github.com/zarvd/mtls-demo/internal/securetransport/internal/mtls/validation.go:33.2,33.12 1 1
github.com/zarvd/mtls-demo/internal/securetransport/internal/mtls/validation.go:36.63,37.49 1 1
github.com/zarvd/mtls-demo/internal/securetransport/internal/mtls/validation.go:37.49,39.3 1 1
github.com/zarvd/mtls-demo/internal/securetransport/internal/mtls/validation.go:40.2,40.88 1 1
github.com/zarvd/mtls-demo/internal/securetransport/internal/mtls/validation.go:40.88,42.3 1 1
github.com/zarvd/mtls-demo/internal/securetransport/internal/mtls/validation.go:43.2,49.74 2 1
github.com/zarvd/mtls-demo/internal/securetransport/internal/mtls/validation.go:49.74,51.3 1 1
github.com/zarvd/mtls-demo/internal/securetransport/internal/mtls/validation.go:52.2,52.12 1 1
github.com/zarvd/mtls-demo/internal/securetransport/internal/mtls/validation.go:55.63,56.49 1 1
github.com/zarvd/mtls-demo/internal/securetransport/internal/mtls/validation.go:56.49,58.3 1 1
github.com/zarvd/mtls-demo/internal/securetransport/internal/mtls/validation.go:59.2,59.88 1 1
github.com/zarvd/mtls-demo/internal/securetransport/internal/mtls/validation.go:59.88,61.3 1 1
github.com/zarvd/mtls-demo/internal/securetransport/internal/mtls/validation.go:62.2,68.74 2 1
github.com/zarvd/mtls-demo/internal/securetransport/internal/mtls/validation.go:68.74,70.3 1 1
github.com/zarvd/mtls-demo/internal/securetransport/internal/mtls/validation.go:71.2,71.12 1 1
